[I 2026-05-01 20:49:49,628] Using an existing study with name 'UN_M7_capture_only' instead of creating a new one.
[I 2026-05-01 20:49:50,381] Trial with params {'f_n': 4.7e-08, 'K_d': 575000.0, 'rho_d': 30400000000000.0, 'fission_rate': 4.76e+19, 'Dv_scale': 0.591, 'Dg_scale': 0.552, 'D2_xe_scale': 1.0, 'b_scale': 0.233, 'gb_scale': 1.588, 'gd_scale': 0.328, 'coalescence_d_scale': 8.15, 'capture_scale': 2.97} already exists. Skipping enqueue.
[I 2026-05-01 20:49:50,383] Trial with params {'f_n': 1e-08, 'K_d': 800000.0, 'rho_d': 10000000000000.0, 'fission_rate': 7.5e+19, 'Dv_scale': 3.0, 'Dg_scale': 0.5, 'D2_xe_scale': 1.0, 'b_scale': 0.3, 'gb_scale': 1.0, 'gd_scale': 1.0, 'coalescence_d_scale': 1.0, 'capture_scale': 0.3} already exists. Skipping enqueue.
[I 2026-05-01 20:49:50,385] Trial with params {'f_n': 1e-06, 'K_d': 500000.0, 'rho_d': 30000000000000.0, 'fission_rate': 5e+19, 'Dv_scale': 1.0, 'Dg_scale': 1.0, 'D2_xe_scale': 1.0, 'b_scale': 1.0, 'gb_scale': 1.0, 'gd_scale': 1.0, 'coalescence_d_scale': 1.0, 'capture_scale': 1.0} already exists. Skipping enqueue.
[I 2026-05-01 20:49:50,387] Trial with params {'f_n': 1.3333e-08, 'K_d': 714300.0, 'rho_d': 46135000000000.0, 'fission_rate': 4.9558e+19, 'Dv_scale': 0.05, 'Dg_scale': 2.012, 'D2_xe_scale': 1.0, 'b_scale': 1.181, 'gb_scale': 0.8994, 'gd_scale': 3.641, 'coalescence_d_scale': 10.99, 'capture_scale': 3.247} already exists. Skipping enqueue.
[I 2026-05-01 20:49:50,390] Trial with params {'f_n': 2.5466e-07, 'K_d': 648460.0, 'rho_d': 35350000000000.0, 'fission_rate': 7.4799e+19, 'Dv_scale': 1.0, 'Dg_scale': 0.5333, 'D2_xe_scale': 1.0, 'b_scale': 3.066, 'gb_scale': 0.4625, 'gd_scale': 4.507, 'coalescence_d_scale': 6.997, 'capture_scale': 0.1401} already exists. Skipping enqueue.
[I 2026-05-01 20:49:50,393] Trial with params {'f_n': 1.9043e-07, 'K_d': 633680.0, 'rho_d': 48099000000000.0, 'fission_rate': 6.8347e+19, 'Dv_scale': 1.0, 'Dg_scale': 0.3921, 'D2_xe_scale': 1.0, 'b_scale': 3.704, 'gb_scale': 0.3881, 'gd_scale': 3.375, 'coalescence_d_scale': 7.005, 'capture_scale': 0.0608} already exists. Skipping enqueue.
[I 2026-05-01 20:49:50,396] Trial with params {'f_n': 1.3237e-08, 'K_d': 558920.0, 'rho_d': 24815000000000.0, 'fission_rate': 7.6621e+19, 'Dv_scale': 0.5, 'Dg_scale': 1.307, 'D2_xe_scale': 1.0, 'b_scale': 1.296, 'gb_scale': 0.4151, 'gd_scale': 1.963, 'coalescence_d_scale': 9.772, 'capture_scale': 0.1557} already exists. Skipping enqueue.
########################################################################################################################
V4 wrapper settings
family                 = capture_only
Dv fixed/range          = None / [0.2, 2.0]
pressure weight/free    = 0.7 / 2.0
partition/qgb weights   = 0.8 / 0.7
Rizk prior weight       = 0.2
radius guard weight     = 0.45
Rd2000/Rratio guard      = 800.0 nm / 2.8
output dir              = UN_M7_optuna_v4_results/capture_only/dv0.2-2_pW0.7_pF2_part0.8_qgb0.7_prior0.2_R800
q_gb interpretation     = grain-boundary bubbles + fission gas release
capture law             = unchanged; active for capture_only and M7_no_phi
nucleation mass coupling= depends on family switch in base module
########################################################################################################################
########################################################################################################################
OPTUNA CALIBRATION: capture_only
########################################################################################################################
Output dir        = UN_M7_optuna_v4_results/capture_only/dv0.2-2_pW0.7_pF2_part0.8_qgb0.7_prior0.2_R800
Trials requested  = 0
FAST dt/modes     = 12 h / 22
FINAL dt/modes    = 1 h / 40
Pressure weight   = 0.7; free factor = 2
D2 Xe             = included, with D2_xe_scale
Coalescence       = active, scale never zero
Family switches   = phi_gas:False, nuc_mass:False, capture:True
########################################################################################################################
Fast trials written to: UN_M7_optuna_v4_results/capture_only/dv0.2-2_pW0.7_pF2_part0.8_qgb0.7_prior0.2_R800/optuna_fast_trials_capture_only.csv
--------------------------------------------------------------------------------------------------------------------------------------------------------------------------
rank |     score |                        label |       f_n |       K_d |     rho_d |      Fdot |    Dv |    Dg |     b |    gb |    gd |  coal |   cap |  swD1600 |   Rd1600 |   NdDrop
--------------------------------------------------------------------------------------------------------------------------------------------------------------------------
   1 |     1.809 |  capture_only_v4_trial_00256 |   2.0e-07 |   8.2e+05 |   1.6e+13 |   7.2e+19 |  0.24 |   1.7 |  0.26 |   3.7 |   8.2 |   6.1 | 0.058 |     2.71 |     99.1 |   -0.742
   2 |     1.818 |  capture_only_v4_trial_00263 |   2.8e-07 |   7.6e+05 |   1.7e+13 |   7.4e+19 |  0.22 |   1.3 |  0.26 |   3.3 |   9.5 |   6.4 | 0.062 |     2.76 |      101 |   -0.757
   3 |     1.821 |  capture_only_v4_trial_00292 |   1.5e-07 |   7.5e+05 |   1.7e+13 |   7.3e+19 |  0.22 |   1.6 |  0.33 |   4.1 |     8 |   5.9 |  0.08 |     2.53 |     94.8 |   -0.681
   4 |     1.825 |  capture_only_v4_trial_00250 |   1.8e-07 |   9.4e+05 |   1.6e+13 |   7.0e+19 |  0.24 |   1.6 |  0.38 |   3.2 |   7.8 |   6.9 | 0.056 |     2.54 |     93.8 |   -0.794
   5 |     1.828 |  capture_only_v4_trial_00293 |   1.4e-07 |   7.5e+05 |   1.7e+13 |   7.3e+19 |  0.22 |   1.6 |  0.32 |   4.8 |   8.7 |   7.2 |  0.08 |     2.56 |      100 |   -0.817
   6 |     1.828 |  capture_only_v4_trial_00216 |   1.9e-07 |   6.0e+05 |   2.2e+13 |   7.4e+19 |  0.22 |   1.7 |  0.42 |   2.8 |   7.1 |   5.2 | 0.063 |      2.7 |       96 |   -0.621
   7 |      1.83 |  capture_only_v4_trial_00245 |   1.4e-07 |   8.6e+05 |   1.6e+13 |   7.0e+19 |  0.22 |   1.8 |  0.39 |   2.4 |   7.7 |   5.8 | 0.057 |     2.74 |     97.6 |   -0.702
   8 |      1.83 |  capture_only_v4_trial_00267 |   2.0e-07 |   7.5e+05 |   1.7e+13 |   7.4e+19 |  0.22 |   1.2 |  0.32 |   3.1 |   7.9 |   6.8 | 0.064 |     2.48 |     97.8 |   -0.765
   9 |     1.834 |  capture_only_v4_trial_00248 |   1.7e-07 |   8.8e+05 |   1.5e+13 |   7.0e+19 |  0.23 |   1.6 |  0.32 |   2.1 |   7.4 |   6.8 | 0.057 |     2.76 |      102 |   -0.808
  10 |     1.834 |  capture_only_v4_trial_00269 |   1.4e-07 |   7.1e+05 |   1.7e+13 |   7.3e+19 |  0.23 |   1.1 |  0.29 |     3 |   7.6 |   6.2 | 0.069 |     2.57 |      100 |   -0.723
  11 |     1.838 |  capture_only_v4_trial_00236 |   1.6e-07 |   8.8e+05 |   1.5e+13 |   7.0e+19 |  0.24 |   1.8 |  0.38 |   2.3 |     8 |   5.6 | 0.068 |     2.76 |     98.3 |   -0.683
  12 |     1.839 |  capture_only_v4_trial_00277 |   1.8e-07 |   7.2e+05 |   1.6e+13 |   7.6e+19 |  0.24 |   1.4 |   0.3 |   4.1 |   8.8 |   6.1 | 0.076 |     2.54 |     99.4 |   -0.706
  13 |     1.839 |  capture_only_v4_trial_00260 |   2.1e-07 |   6.9e+05 |   2.0e+13 |   7.3e+19 |  0.21 |   1.2 |  0.27 |   3.5 |   8.6 |   7.2 | 0.083 |     2.77 |      103 |   -0.837
  14 |      1.84 |  capture_only_v4_trial_00209 |   1.2e-07 |   7.3e+05 |   2.0e+13 |   7.4e+19 |   0.2 |   1.3 |  0.29 |   2.9 |   7.8 |   6.1 | 0.052 |     2.91 |      100 |   -0.731
  15 |      1.84 |  capture_only_v4_trial_00257 |   2.7e-07 |   7.5e+05 |   1.8e+13 |   7.2e+19 |  0.21 |   1.2 |  0.26 |   3.3 |   8.7 |   7.5 | 0.062 |     2.68 |      102 |   -0.852
--------------------------------------------------------------------------------------------------------------------------------------------------------------------------
Final rows written to: UN_M7_optuna_v4_results/capture_only/dv0.2-2_pW0.7_pF2_part0.8_qgb0.7_prior0.2_R800/optuna_final_top_capture_only.csv
--------------------------------------------------------------------------------------------------------------------------------------------------------------------------
rank |     score |                        label |       f_n |       K_d |     rho_d |      Fdot |    Dv |    Dg |     b |    gb |    gd |  coal |   cap |  swD1600 |   Rd1600 |   NdDrop
--------------------------------------------------------------------------------------------------------------------------------------------------------------------------
   1 |     1.874 | FINAL_rank1_capture_only_capture_only_v4_trial_00256 |   2.0e-07 |   8.2e+05 |   1.6e+13 |   7.2e+19 |  0.24 |   1.7 |  0.26 |   3.7 |   8.2 |   6.1 | 0.058 |     2.69 |     98.7 |   -0.741
   2 |     1.877 | FINAL_rank2_capture_only_capture_only_v4_trial_00263 |   2.8e-07 |   7.6e+05 |   1.7e+13 |   7.4e+19 |  0.22 |   1.3 |  0.26 |   3.3 |   9.5 |   6.4 | 0.062 |     2.74 |      101 |   -0.757
   3 |      1.88 | FINAL_rank3_capture_only_capture_only_v4_trial_00292 |   1.5e-07 |   7.5e+05 |   1.7e+13 |   7.3e+19 |  0.22 |   1.6 |  0.33 |   4.1 |     8 |   5.9 |  0.08 |     2.51 |     94.4 |   -0.678
   4 |     1.908 | FINAL_rank4_capture_only_capture_only_v4_trial_00250 |   1.8e-07 |   9.4e+05 |   1.6e+13 |   7.0e+19 |  0.24 |   1.6 |  0.38 |   3.2 |   7.8 |   6.9 | 0.056 |     2.51 |     93.3 |    -0.79
   5 |     1.913 | FINAL_rank5_capture_only_capture_only_v4_trial_00293 |   1.4e-07 |   7.5e+05 |   1.7e+13 |   7.3e+19 |  0.22 |   1.6 |  0.32 |   4.8 |   8.7 |   7.2 |  0.08 |     2.54 |     99.8 |   -0.815
--------------------------------------------------------------------------------------------------------------------------------------------------------------------------

============================================================================================================================================
CAPTURE CHECK: best_capture_only_rank1_FINAL_rank1_capture_only_capture_only_v4_trial_00256, T=1600.0, burnup=3.2
============================================================================================================================================
f_cap_step is the physical clipped per-step fraction and must be <= 1.
capture_fraction_sum can exceed 1 because it is a diagnostic sum, not a physical fraction.
--------------------------------------------------------------------------------------------------------------------------------------------
final f_cap_step       = 2.300947e-07
max f_cap_step         = 2.691520e-06
final cap_raw_step     = 2.300947e-07
capture_fraction_sum   = 5.081861e-03
capture_raw_sum        = 5.081861e-03
captured bubbles cum.  = 2.187858e+18 m^-3
============================================================================================================================================

============================================================================================================================================
DIAGNOSTICS FOR best_capture_only_rank1
============================================================================================================================================
{'label': 'best_capture_only_rank1_FINAL_rank1_capture_only_capture_only_v4_trial_00256', 'f_n': 1.992747441868264e-07, 'K_d': 817840.9525319021, 'rho_d': 16179800159521.113, 'fission_rate': 7.227937844460004e+19, 'Dv_scale': 0.24084783929035586, 'Dg_scale': 1.6544710091400943, 'b_scale': 0.25596592561736414, 'gb_scale': 3.7322967715795117, 'gd_scale': 8.211317444307003, 'coalescence_d_scale': 6.138991220566013, 'capture_scale': 0.05782883441400184, 'D2_xe_scale': 0.253087306136793, 'family': 'capture_only'}
============================================================================================================================================

============================================================================================================================================
CAPTURE CHECK: best_capture_only_rank2_FINAL_rank2_capture_only_capture_only_v4_trial_00263, T=1600.0, burnup=3.2
============================================================================================================================================
f_cap_step is the physical clipped per-step fraction and must be <= 1.
capture_fraction_sum can exceed 1 because it is a diagnostic sum, not a physical fraction.
--------------------------------------------------------------------------------------------------------------------------------------------
final f_cap_step       = 3.385362e-07
max f_cap_step         = 2.691467e-06
final cap_raw_step     = 3.385362e-07
capture_fraction_sum   = 5.274784e-03
capture_raw_sum        = 5.274784e-03
captured bubbles cum.  = 3.551142e+18 m^-3
============================================================================================================================================

============================================================================================================================================
DIAGNOSTICS FOR best_capture_only_rank2
============================================================================================================================================
{'label': 'best_capture_only_rank2_FINAL_rank2_capture_only_capture_only_v4_trial_00263', 'f_n': 2.8369883583163647e-07, 'K_d': 763437.956423034, 'rho_d': 17180514076859.93, 'fission_rate': 7.434300785922184e+19, 'Dv_scale': 0.22158572765074191, 'Dg_scale': 1.3052989258653207, 'b_scale': 0.2594882439850078, 'gb_scale': 3.2598227482251905, 'gd_scale': 9.499174457214886, 'coalescence_d_scale': 6.369012381309157, 'capture_scale': 0.0622759729508069, 'D2_xe_scale': 0.2506482986883228, 'family': 'capture_only'}
============================================================================================================================================

============================================================================================================================================
CAPTURE CHECK: best_capture_only_rank3_FINAL_rank3_capture_only_capture_only_v4_trial_00292, T=1600.0, burnup=3.2
============================================================================================================================================
f_cap_step is the physical clipped per-step fraction and must be <= 1.
capture_fraction_sum can exceed 1 because it is a diagnostic sum, not a physical fraction.
--------------------------------------------------------------------------------------------------------------------------------------------
final f_cap_step       = 3.479437e-07
max f_cap_step         = 3.679665e-06
final cap_raw_step     = 3.479437e-07
capture_fraction_sum   = 6.396375e-03
capture_raw_sum        = 6.396375e-03
captured bubbles cum.  = 2.685359e+18 m^-3
============================================================================================================================================

============================================================================================================================================
DIAGNOSTICS FOR best_capture_only_rank3
============================================================================================================================================
{'label': 'best_capture_only_rank3_FINAL_rank3_capture_only_capture_only_v4_trial_00292', 'f_n': 1.481254742847915e-07, 'K_d': 751675.2196346453, 'rho_d': 17389205227324.732, 'fission_rate': 7.251819144910284e+19, 'Dv_scale': 0.21811438138289263, 'Dg_scale': 1.585965448540153, 'b_scale': 0.33333828807135996, 'gb_scale': 4.1179190774346095, 'gd_scale': 7.950495884193564, 'coalescence_d_scale': 5.868278271227311, 'capture_scale': 0.0800255588415046, 'D2_xe_scale': 0.22672192126160234, 'family': 'capture_only'}
============================================================================================================================================
Summary written to: UN_M7_optuna_v4_results/capture_only/dv0.2-2_pW0.7_pF2_part0.8_qgb0.7_prior0.2_R800/optuna_summary_capture_only.md
