Original oxygen balance
=======================
initial O/M:                 1.975000
burnup:                      13.400000 at.%
Mo oxidation fraction:       0.600000
O released [atoms/100 initial metal]: 26.800000
O fixed [atoms/100 initial metal]:    20.984400
Mo sink [atoms/100 initial metal]:    3.682320
delta OM: 0.022343
Radial points [mm]:
[0.0675 0.2025 0.3375 0.4725 0.6075 0.7425 0.8775 1.0125 1.1475 1.2825
 1.4175 1.5525 1.6875 1.8225 1.9575 2.0925 2.2275 2.3625 2.4975 2.6325]

Temperature [K] at radial points:
[1900.   1900.   1900.   1899.01 1891.86 1877.82 1856.9  1829.08 1794.38
 1752.78 1704.29 1648.91 1586.64 1517.48 1441.44 1358.5  1268.67 1171.95
 1068.34  957.83]

Burnup = 0.00 at.%
  target average O/M = 1.975000
  centerline O/M     = 1.934817
  rim O/M            = 2.000000
  radial O/M         = [1.934817 1.934817 1.934817 1.934843 1.935036 1.935425 1.93604  1.936926
 1.938165 1.939903 1.942427 1.946449 1.955196 1.996697 1.998986 1.999701
 1.999927 1.999987 1.999998 2.      ]

Burnup = 1.49 at.%
  target average O/M = 1.977483
  centerline O/M     = 1.938372
  rim O/M            = 2.000000
  radial O/M         = [1.938372 1.938372 1.938372 1.938401 1.938614 1.939046 1.93973  1.940722
 1.942122 1.944115 1.947086 1.952118 1.970109 1.997    1.999053 1.999718
 1.999931 1.999987 1.999999 2.      ]

Burnup = 2.98 at.%
  target average O/M = 1.979965
  centerline O/M     = 1.941362
  rim O/M            = 2.000000
  radial O/M         = [1.941362 1.941362 1.941362 1.941394 1.941625 1.942095 1.942842 1.943931
 1.94548  1.947713 1.951129 1.957297 1.988426 1.997233 1.999108 1.999733
 1.999934 1.999988 1.999999 2.      ]

Burnup = 4.47 at.%
  target average O/M = 1.982448
  centerline O/M     = 1.946247
  rim O/M            = 2.000000
  radial O/M         = [1.946247 1.946247 1.946247 1.946283 1.946546 1.947083 1.94794  1.9492
 1.951018 1.953701 1.957996 1.966834 1.991867 1.99758  1.999196 1.999757
 1.99994  1.999989 1.999999 2.      ]

Burnup = 5.96 at.%
  target average O/M = 1.984930
  centerline O/M     = 1.951193
  rim O/M            = 2.000000
  radial O/M         = [1.951193 1.951193 1.951193 1.951234 1.951531 1.95214  1.953116 1.954565
 1.956682 1.959881 1.965242 1.97735  1.993701 1.997897 1.999281 1.99978
 1.999945 1.99999  1.999999 2.      ]

Burnup = 7.44 at.%
  target average O/M = 1.987413
  centerline O/M     = 1.956570
  rim O/M            = 2.000000
  radial O/M         = [1.95657  1.95657  1.95657  1.956616 1.956951 1.957641 1.958752 1.960412
 1.96287  1.966656 1.973162 1.985629 1.995061 1.998208 1.999371 1.999806
 1.999951 1.999991 1.999999 2.      ]

Burnup = 8.93 at.%
  target average O/M = 1.989895
  centerline O/M     = 1.962702
  rim O/M            = 2.000000
  radial O/M         = [1.962702 1.962702 1.962702 1.962754 1.963132 1.96391  1.965168 1.967057
 1.969869 1.974199 1.981242 1.990572 1.996213 1.998529 1.99947  1.999834
 1.999958 1.999992 1.999999 2.      ]

Burnup = 10.42 at.%
  target average O/M = 1.992378
  centerline O/M     = 1.969706
  rim O/M            = 2.000000
  radial O/M         = [1.969706 1.969706 1.969706 1.969763 1.970181 1.971041 1.972429 1.974504
 1.977541 1.981977 1.987997 1.993791 1.99723  1.998861 1.999578 1.999866
 1.999966 1.999994 1.999999 2.      ]

Burnup = 11.91 at.%
  target average O/M = 1.994860
  centerline O/M     = 1.977837
  rim O/M            = 2.000000
  radial O/M         = [1.977837 1.977837 1.977837 1.977897 1.978333 1.979225 1.980641 1.982695
 1.985516 1.98912  1.993019 1.996195 1.998168 1.999208 1.999698 1.999903
 1.999975 1.999995 1.999999 2.      ]

Burnup = 13.40 at.%
  target average O/M = 1.997343
  centerline O/M     = 1.987456
  rim O/M            = 2.000000
  radial O/M         = [1.987456 1.987456 1.987456 1.987508 1.987881 1.988626 1.989752 1.991256
 1.993071 1.995014 1.996795 1.998165 1.999062 1.999575 1.999834 1.999946
 1.999986 1.999997 2.       2.      ]

Generated input histories in: /home/ecappellari/transparant/sciantix-official/oxired_lib/examples/radial_input_histories
