Phenix oxygen balance
=====================
Elemental yields of fission products in a Phenix fuel pin at 10 at% 
initial O/M:                 1.975000
burnup:                      13.400000 at.%
Mo oxidation fraction requested: 1.000000
Mo oxidation fraction actual:    0.734208
number of yield entries:     26
O released [atoms/100 initial metal]: 26.465000
O fixed [atoms/100 initial metal]:    19.818600
Mo sink [atoms/100 initial metal]:    4.309213
delta OM: 0.025000

Aggregate balance
-----------------
initial_average_om                       1.975000
burnup_at_percent                       13.400000
oxygen_released_per_10_fissions         26.465000
oxygen_fixed_sinks_per_10_fissions      19.818600
oxygen_mo_sink_per_10_fissions           4.309213
oxygen_mo_oxidation_fraction             0.734208
oxygen_cladding_sink_per_10_fissions     0.000000
oxygen_surplus_per_10_fissions           2.337187
delta_om                                 0.025000
target_average_om                        2.000000

Matrix atom inventory
---------------------
initial_metal_atoms                    100.000000
burned_metal_atoms                      13.400000
remaining_initial_metal_atoms           86.600000
zr_atoms_in_matrix                       0.680050
sr_atoms_in_matrix                       0.043416
y_re_atoms_in_matrix                     6.164000
fission_product_atoms_in_matrix          6.887466
matrix_atoms                            93.487466

Oxygen fixed by Zr, Sr, Nb, Y+RE
--------------------------------
Zr                                       5.440400
Sr                                       0.723600
Nb                                       0.000000
Y+RE                                    12.328000
Zr+Sr+Y+RE                              18.492000
Zr+Sr+Nb+Y+RE                           18.492000

Element contributions
---------------------
 el   FP atoms   reacted     O/FP    O taken
 Zr   2.720200  1.000000 2.000000   5.440400
 Sr   0.361800  1.000000 2.000000   0.723600
  Y   0.254600  1.000000 2.000000   0.509200
 La   0.763800  1.000000 2.000000   1.527600
 Ce   1.393600  1.000000 2.000000   2.787200
 Pr   0.670000  1.000000 2.000000   1.340000
 Nd   2.264600  1.000000 2.000000   4.529200
 Pm   0.000000  1.000000 2.000000   0.000000
 Sm   0.670000  1.000000 2.000000   1.340000
 Eu   0.053600  1.000000 2.000000   0.107200
 Gd   0.093800  1.000000 2.000000   0.187600
 Ba   1.326600  1.000000 1.000000   1.326600
 Nb   0.000000  1.000000 2.000000   0.000000
 Mo   2.934600  1.000000 2.000000   5.869200
Radial points [mm]:
[0.0675 0.2025 0.3375 0.4725 0.6075 0.7425 0.8775 1.0125 1.1475 1.2825
 1.4175 1.5525 1.6875 1.8225 1.9575 2.0925 2.2275 2.3625 2.4975 2.6325]

Temperature [K] at radial points:
[1900.   1900.   1900.   1899.01 1891.86 1877.82 1856.9  1829.08 1794.38
 1752.78 1704.29 1648.91 1586.64 1517.48 1441.44 1358.5  1268.67 1171.95
 1068.34  957.83]

Burnup = 0.00 at.%
  target average O/M = 1.975000
  Mo oxidation frac. = 0.000000
  centerline O/M     = 1.934817
  rim O/M            = 2.000000
  radial O/M         = [1.934817 1.934817 1.934817 1.934843 1.935036 1.935425 1.93604  1.936926
 1.938165 1.939903 1.942427 1.946449 1.955196 1.996697 1.998986 1.999701
 1.999927 1.999987 1.999998 2.      ]

Burnup = 1.49 at.%
  target average O/M = 1.982439
  Mo oxidation frac. = 0.000000
  centerline O/M     = 1.946230
  rim O/M            = 2.000000
  radial O/M         = [1.94623  1.94623  1.94623  1.946266 1.946529 1.947065 1.947922 1.949181
 1.950998 1.953679 1.95797  1.966798 1.991858 1.997579 1.999195 1.999756
 1.99994  1.999989 1.999999 2.      ]

Burnup = 2.98 at.%
  target average O/M = 1.989987
  Mo oxidation frac. = 0.000000
  centerline O/M     = 1.962944
  rim O/M            = 2.000000
  radial O/M         = [1.962944 1.962944 1.962944 1.962995 1.963375 1.964156 1.96542  1.967317
 1.970141 1.974487 1.981522 1.990713 1.996252 1.998541 1.999474 1.999835
 1.999959 1.999992 1.999999 2.      ]

Burnup = 4.47 at.%
  target average O/M = 1.997646
  Mo oxidation frac. = 0.000000
  centerline O/M     = 1.988758
  rim O/M            = 2.000000
  radial O/M         = [1.988758 1.988758 1.988758 1.988807 1.989161 1.989862 1.990913 1.992295
 1.993931 1.995647 1.997197 1.998386 1.99917  1.999622 1.999851 1.999951
 1.999988 1.999998 2.       2.      ]

Burnup = 5.96 at.%
  target average O/M = 2.000000
  Mo oxidation frac. = 0.201767
  centerline O/M     = 2.000000
  rim O/M            = 2.000000
  radial O/M         = [2. 2. 2. 2. 2. 2. 2. 2. 2. 2. 2. 2. 2. 2. 2. 2. 2. 2. 2. 2.]

Burnup = 7.44 at.%
  target average O/M = 2.000000
  Mo oxidation frac. = 0.393446
  centerline O/M     = 2.000000
  rim O/M            = 2.000000
  radial O/M         = [2. 2. 2. 2. 2. 2. 2. 2. 2. 2. 2. 2. 2. 2. 2. 2. 2. 2. 2. 2.]

Burnup = 8.93 at.%
  target average O/M = 2.000000
  Mo oxidation frac. = 0.521232
  centerline O/M     = 2.000000
  rim O/M            = 2.000000
  radial O/M         = [2. 2. 2. 2. 2. 2. 2. 2. 2. 2. 2. 2. 2. 2. 2. 2. 2. 2. 2. 2.]

Burnup = 10.42 at.%
  target average O/M = 2.000000
  Mo oxidation frac. = 0.612507
  centerline O/M     = 2.000000
  rim O/M            = 2.000000
  radial O/M         = [2. 2. 2. 2. 2. 2. 2. 2. 2. 2. 2. 2. 2. 2. 2. 2. 2. 2. 2. 2.]

Burnup = 11.91 at.%
  target average O/M = 2.000000
  Mo oxidation frac. = 0.680964
  centerline O/M     = 2.000000
  rim O/M            = 2.000000
  radial O/M         = [2. 2. 2. 2. 2. 2. 2. 2. 2. 2. 2. 2. 2. 2. 2. 2. 2. 2. 2. 2.]

Burnup = 13.40 at.%
  target average O/M = 2.000000
  Mo oxidation frac. = 0.734208
  centerline O/M     = 2.000000
  rim O/M            = 2.000000
  radial O/M         = [2. 2. 2. 2. 2. 2. 2. 2. 2. 2. 2. 2. 2. 2. 2. 2. 2. 2. 2. 2.]

Generated input histories in: /home/ecappellari/transparant/sciantix-official/oxired_lib/examples/radial_input_histories_PHENIX
